<?xml version="1.0" encoding="UTF-8"?>
<testsuite xmlns:xsi="http://www.w3.org/2001/XMLSchema-instance" xsi:noNamespaceSchemaLocation="https://maven.apache.org/surefire/maven-surefire-plugin/xsd/surefire-test-report-3.0.xsd" version="3.0" name="com.pragmatest.controllers.UserControllerIntegrationMockMvcTest" time="2.313" tests="31" errors="0" skipped="0" failures="0">
  <properties>
[...]
</properties>
  <testcase name="testSaveUserInvalidUser{String, String, int}[1]" classname="com.pragmatest.controllers.UserControllerIntegrationMockMvcTest" time="0.108"/>
  <testcase name="testSaveUserInvalidUser{String, String, int}[2]" classname="com.pragmatest.controllers.UserControllerIntegrationMockMvcTest" time="0.006"/>
  <testcase name="testSaveUserInvalidUser{String, String, int}[3]" classname="com.pragmatest.controllers.UserControllerIntegrationMockMvcTest" time="0.005"/>
  <testcase name="testSaveUserInvalidUser{String, String, int}[4]" classname="com.pragmatest.controllers.UserControllerIntegrationMockMvcTest" time="0.006"/>
  <testcase name="testSaveUserInvalidUser{String, String, int}[5]" classname="com.pragmatest.controllers.UserControllerIntegrationMockMvcTest" time="0.005"/>
  <testcase name="testSaveUserInvalidUser{String, String, int}[6]" classname="com.pragmatest.controllers.UserControllerIntegrationMockMvcTest" time="0.005"/>
  <testcase name="testSaveUserInvalidUser{String, String, int}[7]" classname="com.pragmatest.controllers.UserControllerIntegrationMockMvcTest" time="0.005"/>
  <testcase name="testSaveUserInvalidUser{String, String, int}[8]" classname="com.pragmatest.controllers.UserControllerIntegrationMockMvcTest" time="0.005"/>
  <testcase name="testSaveUserInvalidUser{String, String, int}[9]" classname="com.pragmatest.controllers.UserControllerIntegrationMockMvcTest" time="0.005"/>
  <testcase name="testSaveUserInvalidUser{String, String, int}[10]" classname="com.pragmatest.controllers.UserControllerIntegrationMockMvcTest" time="0.005"/>
  <testcase name="testSaveUserInvalidUser{String, String, int}[11]" classname="com.pragmatest.controllers.UserControllerIntegrationMockMvcTest" time="0.005"/>
  <testcase name="testGetUserByIdValidId" classname="com.pragmatest.controllers.UserControllerIntegrationMockMvcTest" time="0.043"/>
  <testcase name="testDeleteUserValidUser" classname="com.pragmatest.controllers.UserControllerIntegrationMockMvcTest" time="0.007"/>
  <testcase name="testUpdateUserUnderAgeUser" classname="com.pragmatest.controllers.UserControllerIntegrationMockMvcTest" time="0.006"/>
  <testcase name="testUpdateUserValidUser" classname="com.pragmatest.controllers.UserControllerIntegrationMockMvcTest" time="0.006"/>
  <testcase name="testUpdateUserNonExistentId" classname="com.pragmatest.controllers.UserControllerIntegrationMockMvcTest" time="0.006"/>
  <testcase name="testGetUsersByIdValidIds" classname="com.pragmatest.controllers.UserControllerIntegrationMockMvcTest" time="0.013"/>
  <testcase name="testSaveUserValidUser" classname="com.pragmatest.controllers.UserControllerIntegrationMockMvcTest" time="0.005"/>
  <testcase name="testGetUserByIdNonExistentId" classname="com.pragmatest.controllers.UserControllerIntegrationMockMvcTest" time="0.003"/>
  <testcase name="testUpdateUserInvalidUser{String, String, int}[1]" classname="com.pragmatest.controllers.UserControllerIntegrationMockMvcTest" time="0.005"/>
  <testcase name="testUpdateUserInvalidUser{String, String, int}[2]" classname="com.pragmatest.controllers.UserControllerIntegrationMockMvcTest" time="0.005"/>
  <testcase name="testUpdateUserInvalidUser{String, String, int}[3]" classname="com.pragmatest.controllers.UserControllerIntegrationMockMvcTest" time="0.005"/>
  <testcase name="testUpdateUserInvalidUser{String, String, int}[4]" classname="com.pragmatest.controllers.UserControllerIntegrationMockMvcTest" time="0.005"/>
  <testcase name="testUpdateUserInvalidUser{String, String, int}[5]" classname="com.pragmatest.controllers.UserControllerIntegrationMockMvcTest" time="0.005"/>
  <testcase name="testUpdateUserInvalidUser{String, String, int}[6]" classname="com.pragmatest.controllers.UserControllerIntegrationMockMvcTest" time="0.005"/>
  <testcase name="testUpdateUserInvalidUser{String, String, int}[7]" classname="com.pragmatest.controllers.UserControllerIntegrationMockMvcTest" time="0.005"/>
  <testcase name="testUpdateUserInvalidUser{String, String, int}[8]" classname="com.pragmatest.controllers.UserControllerIntegrationMockMvcTest" time="0.005"/>
  <testcase name="testUpdateUserInvalidUser{String, String, int}[9]" classname="com.pragmatest.controllers.UserControllerIntegrationMockMvcTest" time="0.005"/>
  <testcase name="testUpdateUserInvalidUser{String, String, int}[10]" classname="com.pragmatest.controllers.UserControllerIntegrationMockMvcTest" time="0.005"/>
  <testcase name="testUpdateUserInvalidUser{String, String, int}[11]" classname="com.pragmatest.controllers.UserControllerIntegrationMockMvcTest" time="0.006"/>
  <testcase name="testSaveUserUnderAgeUser" classname="com.pragmatest.controllers.UserControllerIntegrationMockMvcTest" time="0.005"/>
</testsuite>